[debug] [2022-06-01T17:16:01.974Z] ----------------------------------------------------------------------
[debug] [2022-06-01T17:16:01.976Z] Command:       C:\Program Files\nodejs\node.exe C:\Users\ranif\AppData\Roaming\npm\node_modules\firebase-tools\lib\bin\firebase.js init hosting
[debug] [2022-06-01T17:16:01.977Z] CLI Version:   11.0.1
[debug] [2022-06-01T17:16:01.977Z] Platform:      win32
[debug] [2022-06-01T17:16:01.978Z] Node Version:  v16.14.0
[debug] [2022-06-01T17:16:01.979Z] Time:          Wed Jun 01 2022 20:16:01 GMT+0300 (Israel Daylight Saving Time)
[debug] [2022-06-01T17:16:01.980Z] ----------------------------------------------------------------------
[debug] 
[debug] [2022-06-01T17:16:01.990Z] > command requires scopes: ["email","openid","https://www.googleapis.com/auth/cloudplatformprojects.readonly","https://www.googleapis.com/auth/firebase","https://www.googleapis.com/auth/cloud-platform"]
[debug] [2022-06-01T17:16:01.990Z] > authorizing via signed-in user (ranif95@gmail.com)
[info] 
     ######## #### ########  ######## ########     ###     ######  ########
     ##        ##  ##     ## ##       ##     ##  ##   ##  ##       ##
     ######    ##  ########  ######   ########  #########  ######  ######
     ##        ##  ##    ##  ##       ##     ## ##     ##       ## ##
     ##       #### ##     ## ######## ########  ##     ##  ######  ########

You're about to initialize a Firebase project in this directory:

  D:\Users\ranif\Desktop\MEET Project I Need  A Job

[info] 
=== Project Setup
[info] 
[info] First, let's associate this project directory with a Firebase project.
[info] You can create multiple project aliases by running firebase use --add, 
[info] but for now we'll just set up a default project.
[info] 
[debug] [2022-06-01T17:16:15.381Z] >>> [apiv2][query] GET https://firebase.googleapis.com/v1beta1/projects pageSize=100
[debug] [2022-06-01T17:16:16.380Z] <<< [apiv2][status] GET https://firebase.googleapis.com/v1beta1/projects 200
[debug] [2022-06-01T17:16:16.380Z] <<< [apiv2][body] GET https://firebase.googleapis.com/v1beta1/projects [omitted]
[info] i  Using project meety2taproj (MEETY2TAProj) 
[info] 
=== Hosting Setup
[info] 
[info] Your public directory is the folder (relative to your project directory) that
[info] will contain Hosting assets to be uploaded with firebase deploy. If you
[info] have a build process for your assets, use your build's output directory.
[info] 
[debug] [2022-06-01T17:18:53.574Z] ----------------------------------------------------------------------
[debug] [2022-06-01T17:18:53.576Z] Command:       C:\Program Files\nodejs\node.exe C:\Users\ranif\AppData\Roaming\npm\node_modules\firebase-tools\lib\bin\firebase.js init hosting
[debug] [2022-06-01T17:18:53.576Z] CLI Version:   11.0.1
[debug] [2022-06-01T17:18:53.576Z] Platform:      win32
[debug] [2022-06-01T17:18:53.577Z] Node Version:  v16.14.0
[debug] [2022-06-01T17:18:53.578Z] Time:          Wed Jun 01 2022 20:18:53 GMT+0300 (Israel Daylight Saving Time)
[debug] [2022-06-01T17:18:53.578Z] ----------------------------------------------------------------------
[debug] 
[debug] [2022-06-01T17:18:53.588Z] > command requires scopes: ["email","openid","https://www.googleapis.com/auth/cloudplatformprojects.readonly","https://www.googleapis.com/auth/firebase","https://www.googleapis.com/auth/cloud-platform"]
[debug] [2022-06-01T17:18:53.588Z] > authorizing via signed-in user (ranif95@gmail.com)
[info] 
     ######## #### ########  ######## ########     ###     ######  ########
     ##        ##  ##     ## ##       ##     ##  ##   ##  ##       ##
     ######    ##  ########  ######   ########  #########  ######  ######
     ##        ##  ##    ##  ##       ##     ## ##     ##       ## ##
     ##       #### ##     ## ######## ########  ##     ##  ######  ########

You're about to initialize a Firebase project in this directory:

  D:\Users\ranif\Desktop\MEET Project I Need  A Job

[info] 
=== Project Setup
[info] 
[info] First, let's associate this project directory with a Firebase project.
[info] You can create multiple project aliases by running firebase use --add, 
[info] but for now we'll just set up a default project.
[info] 
[debug] [2022-06-01T17:18:59.499Z] >>> [apiv2][query] GET https://firebase.googleapis.com/v1beta1/projects pageSize=100
[debug] [2022-06-01T17:19:00.136Z] <<< [apiv2][status] GET https://firebase.googleapis.com/v1beta1/projects 200
[debug] [2022-06-01T17:19:00.136Z] <<< [apiv2][body] GET https://firebase.googleapis.com/v1beta1/projects [omitted]
[info] i  Using project meety2taproj (MEETY2TAProj) 
[info] 
=== Hosting Setup
[info] 
[info] Your public directory is the folder (relative to your project directory) that
[info] will contain Hosting assets to be uploaded with firebase deploy. If you
[info] have a build process for your assets, use your build's output directory.
[info] 
[debug] [2022-06-01T17:19:38.914Z] ----------------------------------------------------------------------
[debug] [2022-06-01T17:19:38.916Z] Command:       C:\Program Files\nodejs\node.exe C:\Users\ranif\AppData\Roaming\npm\node_modules\firebase-tools\lib\bin\firebase.js init hosting
[debug] [2022-06-01T17:19:38.916Z] CLI Version:   11.0.1
[debug] [2022-06-01T17:19:38.916Z] Platform:      win32
[debug] [2022-06-01T17:19:38.917Z] Node Version:  v16.14.0
[debug] [2022-06-01T17:19:38.918Z] Time:          Wed Jun 01 2022 20:19:38 GMT+0300 (Israel Daylight Saving Time)
[debug] [2022-06-01T17:19:38.918Z] ----------------------------------------------------------------------
[debug] 
[debug] [2022-06-01T17:19:38.930Z] > command requires scopes: ["email","openid","https://www.googleapis.com/auth/cloudplatformprojects.readonly","https://www.googleapis.com/auth/firebase","https://www.googleapis.com/auth/cloud-platform"]
[debug] [2022-06-01T17:19:38.930Z] > authorizing via signed-in user (ranif95@gmail.com)
[info] 
     ######## #### ########  ######## ########     ###     ######  ########
     ##        ##  ##     ## ##       ##     ##  ##   ##  ##       ##
     ######    ##  ########  ######   ########  #########  ######  ######
     ##        ##  ##    ##  ##       ##     ## ##     ##       ## ##
     ##       #### ##     ## ######## ########  ##     ##  ######  ########

You're about to initialize a Firebase project in this directory:

  D:\Users\ranif\Desktop\MEET Project I Need  A Job

